Build started 12/18/2014 1:31:08 PM.
     1>Project "C:\Users\Jan\Documents\Visual Studio 2013\Projects\HW4\HW4\HW4.vcxproj" on node 2 (Build target(s)).
     1>ClCompile:
         C:\Program Files (x86)\Microsoft Visual Studio 12.0\VC\bin\CL.exe /c /ZI /nologo /W3 /WX- /sdl /Od /Oy- /D WIN32 /D _DEBUG /D _CONSOLE /D _LIB /D _UNICODE /D UNICODE /Gm /EHsc /RTC1 /MDd /GS /fp:precise /Zc:wchar_t /Zc:forScope /Fo"Debug\\" /Fd"Debug\vc120.pdb" /Gd /TP /analyze- /errorReport:prompt Source.cpp
         Source.cpp
     1>c:\users\jan\documents\visual studio 2013\projects\hw4\hw4\source.cpp(83): warning C4244: '=' : conversion from 'double' to 'float', possible loss of data
     1>c:\users\jan\documents\visual studio 2013\projects\hw4\hw4\source.cpp(84): warning C4244: '=' : conversion from 'double' to 'float', possible loss of data
     1>c:\users\jan\documents\visual studio 2013\projects\hw4\hw4\source.cpp(113): warning C4244: '=' : conversion from 'float' to 'int', possible loss of data
     1>c:\users\jan\documents\visual studio 2013\projects\hw4\hw4\source.cpp(162): warning C4244: '=' : conversion from 'double' to 'float', possible loss of data
     1>c:\users\jan\documents\visual studio 2013\projects\hw4\hw4\source.cpp(163): warning C4244: '=' : conversion from 'double' to 'float', possible loss of data
     1>c:\users\jan\documents\visual studio 2013\projects\hw4\hw4\source.cpp(342): warning C4244: 'initializing' : conversion from 'double' to 'int', possible loss of data
     1>c:\users\jan\documents\visual studio 2013\projects\hw4\hw4\source.cpp(343): warning C4244: 'initializing' : conversion from 'double' to 'int', possible loss of data
     1>c:\users\jan\documents\visual studio 2013\projects\hw4\hw4\source.cpp(403): warning C4244: 'argument' : conversion from 'int' to 'float', possible loss of data
     1>c:\users\jan\documents\visual studio 2013\projects\hw4\hw4\source.cpp(103): warning C4715: 'sgn' : not all control paths return a value
       Link:
         C:\Program Files (x86)\Microsoft Visual Studio 12.0\VC\bin\link.exe /ERRORREPORT:PROMPT /OUT:"C:\Users\Jan\Documents\Visual Studio 2013\Projects\HW4\Debug\HW4.exe" /INCREMENTAL /NOLOGO kernel32.lib user32.lib gdi32.lib winspool.lib comdlg32.lib advapi32.lib shell32.lib ole32.lib oleaut32.lib uuid.lib odbc32.lib odbccp32.lib /MANIFEST /MANIFESTUAC:"level='asInvoker' uiAccess='false'" /manifest:embed /DEBUG /PDB:"C:\Users\Jan\Documents\Visual Studio 2013\Projects\HW4\Debug\HW4.pdb" /SUBSYSTEM:CONSOLE /TLBID:1 /DYNAMICBASE /NXCOMPAT /IMPLIB:"C:\Users\Jan\Documents\Visual Studio 2013\Projects\HW4\Debug\HW4.lib" /MACHINE:X86 Debug\Bmp.obj
         Debug\Source.obj
         HW4.vcxproj -> C:\Users\Jan\Documents\Visual Studio 2013\Projects\HW4\Debug\HW4.exe
     1>Done Building Project "C:\Users\Jan\Documents\Visual Studio 2013\Projects\HW4\HW4\HW4.vcxproj" (Build target(s)).

Build succeeded.

Time Elapsed 00:00:01.70
